[01:19:09] [ServerMain/INFO]: Environment: Environment[sessionHost=https://sessionserver.mojang.com, servicesHost=https://api.minecraftservices.com, name=PROD]
[01:19:10] [ServerMain/INFO]: Found new data pack file/bukkit, loading it automatically
[01:19:11] [ServerMain/INFO]: Loaded 7 recipes
[01:19:13] [Server thread/INFO]: Starting minecraft server version 1.20.4
[01:19:13] [Server thread/INFO]: Loading properties
[01:19:13] [Server thread/INFO]: This server is running CraftBukkit version 4090-Spigot-b754dcc-38b1f49 (MC: 1.20.4) (Implementing API version 1.20.4-R0.1-SNAPSHOT)
[01:19:13] [Server thread/INFO]: Debug logging is disabled
[01:19:13] [Server thread/INFO]: Server Ping Player Sample Count: 12
[01:19:13] [Server thread/INFO]: Using 4 threads for Netty based IO
[01:19:13] [Server thread/INFO]: Default game type: SURVIVAL
[01:19:13] [Server thread/INFO]: Generating keypair
[01:19:13] [Server thread/INFO]: Starting Minecraft server on *:25565
[01:19:13] [Server thread/INFO]: Using default channel type
[01:19:13] [Server thread/INFO]: [mcMMO] Loading mcMMO v2.2.023
[01:19:13] [Server thread/WARN]: **** SERVER IS RUNNING IN OFFLINE/INSECURE MODE!
[01:19:13] [Server thread/WARN]: The server will make no attempt to authenticate usernames. Beware.
[01:19:13] [Server thread/WARN]: While this makes the game possible to play without internet access, it also opens up the ability for hackers to connect with any username they choose.
[01:19:13] [Server thread/WARN]: To change this, set "online-mode" to "true" in the server.properties file.
[01:19:13] [Server thread/INFO]: Preparing level "world"
[01:19:13] [Server thread/INFO]: -------- World Settings For [world] --------
[01:19:13] [Server thread/INFO]: Experience Merge Radius: 3.0
[01:19:13] [Server thread/INFO]: Mob Spawn Range: 6
[01:19:13] [Server thread/INFO]: Cactus Growth Modifier: 100%
[01:19:13] [Server thread/INFO]: Cane Growth Modifier: 100%
[01:19:13] [Server thread/INFO]: Melon Growth Modifier: 100%
[01:19:13] [Server thread/INFO]: Mushroom Growth Modifier: 100%
[01:19:13] [Server thread/INFO]: Pumpkin Growth Modifier: 100%
[01:19:13] [Server thread/INFO]: Sapling Growth Modifier: 100%
[01:19:13] [Server thread/INFO]: Beetroot Growth Modifier: 100%
[01:19:13] [Server thread/INFO]: Carrot Growth Modifier: 100%
[01:19:13] [Server thread/INFO]: Potato Growth Modifier: 100%
[01:19:13] [Server thread/INFO]: Wheat Growth Modifier: 100%
[01:19:13] [Server thread/INFO]: NetherWart Growth Modifier: 100%
[01:19:13] [Server thread/INFO]: Vine Growth Modifier: 100%
[01:19:13] [Server thread/INFO]: Cocoa Growth Modifier: 100%
[01:19:13] [Server thread/INFO]: Bamboo Growth Modifier: 100%
[01:19:13] [Server thread/INFO]: SweetBerry Growth Modifier: 100%
[01:19:13] [Server thread/INFO]: Kelp Growth Modifier: 100%
[01:19:13] [Server thread/INFO]: TwistingVines Growth Modifier: 100%
[01:19:13] [Server thread/INFO]: WeepingVines Growth Modifier: 100%
[01:19:13] [Server thread/INFO]: CaveVines Growth Modifier: 100%
[01:19:13] [Server thread/INFO]: Entity Activation Range: An 32 / Mo 32 / Ra 48 / Mi 16 / Tiv true / Isa false
[01:19:13] [Server thread/INFO]: Entity Tracking Range: Pl 48 / An 48 / Mo 48 / Mi 32 / Di 128 / Other 64
[01:19:13] [Server thread/INFO]: Hopper Transfer: 8 Hopper Check: 1 Hopper Amount: 1 Hopper Can Load Chunks: false
[01:19:13] [Server thread/INFO]: Custom Map Seeds:  Village: 10387312 Desert: 14357617 Igloo: 14357618 Jungle: 14357619 Swamp: 14357620 Monument: 10387313 Ocean: 14357621 Shipwreck: 165745295 End City: 10387313 Slime: 987234911 Nether: 30084232 Mansion: 10387319 Fossil: 14357921 Portal: 34222645
[01:19:13] [Server thread/INFO]: Max TNT Explosions: 100
[01:19:13] [Server thread/INFO]: Tile Max Tick Time: 50ms Entity max Tick Time: 50ms
[01:19:13] [Server thread/INFO]: Item Despawn Rate: 6000
[01:19:13] [Server thread/INFO]: Item Merge Radius: 2.5
[01:19:13] [Server thread/INFO]: View Distance: 10
[01:19:13] [Server thread/INFO]: Simulation Distance: 10
[01:19:13] [Server thread/INFO]: Allow Zombie Pigmen to spawn from portal blocks: true
[01:19:13] [Server thread/INFO]: Arrow Despawn Rate: 1200 Trident Respawn Rate:1200
[01:19:13] [Server thread/INFO]: Nerfing mobs spawned from spawners: false
[01:19:13] [Server thread/INFO]: Zombie Aggressive Towards Villager: true
[01:19:14] [Server thread/INFO]: -------- World Settings For [world_nether] --------
[01:19:14] [Server thread/INFO]: Experience Merge Radius: 3.0
[01:19:14] [Server thread/INFO]: Mob Spawn Range: 6
[01:19:14] [Server thread/INFO]: Cactus Growth Modifier: 100%
[01:19:14] [Server thread/INFO]: Cane Growth Modifier: 100%
[01:19:14] [Server thread/INFO]: Melon Growth Modifier: 100%
[01:19:14] [Server thread/INFO]: Mushroom Growth Modifier: 100%
[01:19:14] [Server thread/INFO]: Pumpkin Growth Modifier: 100%
[01:19:14] [Server thread/INFO]: Sapling Growth Modifier: 100%
[01:19:14] [Server thread/INFO]: Beetroot Growth Modifier: 100%
[01:19:14] [Server thread/INFO]: Carrot Growth Modifier: 100%
[01:19:14] [Server thread/INFO]: Potato Growth Modifier: 100%
[01:19:14] [Server thread/INFO]: Wheat Growth Modifier: 100%
[01:19:14] [Server thread/INFO]: NetherWart Growth Modifier: 100%
[01:19:14] [Server thread/INFO]: Vine Growth Modifier: 100%
[01:19:14] [Server thread/INFO]: Cocoa Growth Modifier: 100%
[01:19:14] [Server thread/INFO]: Bamboo Growth Modifier: 100%
[01:19:14] [Server thread/INFO]: SweetBerry Growth Modifier: 100%
[01:19:14] [Server thread/INFO]: Kelp Growth Modifier: 100%
[01:19:14] [Server thread/INFO]: TwistingVines Growth Modifier: 100%
[01:19:14] [Server thread/INFO]: WeepingVines Growth Modifier: 100%
[01:19:14] [Server thread/INFO]: CaveVines Growth Modifier: 100%
[01:19:14] [Server thread/INFO]: Entity Activation Range: An 32 / Mo 32 / Ra 48 / Mi 16 / Tiv true / Isa false
[01:19:14] [Server thread/INFO]: Entity Tracking Range: Pl 48 / An 48 / Mo 48 / Mi 32 / Di 128 / Other 64
[01:19:14] [Server thread/INFO]: Hopper Transfer: 8 Hopper Check: 1 Hopper Amount: 1 Hopper Can Load Chunks: false
[01:19:14] [Server thread/INFO]: Custom Map Seeds:  Village: 10387312 Desert: 14357617 Igloo: 14357618 Jungle: 14357619 Swamp: 14357620 Monument: 10387313 Ocean: 14357621 Shipwreck: 165745295 End City: 10387313 Slime: 987234911 Nether: 30084232 Mansion: 10387319 Fossil: 14357921 Portal: 34222645
[01:19:14] [Server thread/INFO]: Max TNT Explosions: 100
[01:19:14] [Server thread/INFO]: Tile Max Tick Time: 50ms Entity max Tick Time: 50ms
[01:19:14] [Server thread/INFO]: Item Despawn Rate: 6000
[01:19:14] [Server thread/INFO]: Item Merge Radius: 2.5
[01:19:14] [Server thread/INFO]: View Distance: 10
[01:19:14] [Server thread/INFO]: Simulation Distance: 10
[01:19:14] [Server thread/INFO]: Allow Zombie Pigmen to spawn from portal blocks: true
[01:19:14] [Server thread/INFO]: Arrow Despawn Rate: 1200 Trident Respawn Rate:1200
[01:19:14] [Server thread/INFO]: Nerfing mobs spawned from spawners: false
[01:19:14] [Server thread/INFO]: Zombie Aggressive Towards Villager: true
[01:19:14] [Server thread/INFO]: -------- World Settings For [world_the_end] --------
[01:19:14] [Server thread/INFO]: Experience Merge Radius: 3.0
[01:19:14] [Server thread/INFO]: Mob Spawn Range: 6
[01:19:14] [Server thread/INFO]: Cactus Growth Modifier: 100%
[01:19:14] [Server thread/INFO]: Cane Growth Modifier: 100%
[01:19:14] [Server thread/INFO]: Melon Growth Modifier: 100%
[01:19:14] [Server thread/INFO]: Mushroom Growth Modifier: 100%
[01:19:14] [Server thread/INFO]: Pumpkin Growth Modifier: 100%
[01:19:14] [Server thread/INFO]: Sapling Growth Modifier: 100%
[01:19:14] [Server thread/INFO]: Beetroot Growth Modifier: 100%
[01:19:14] [Server thread/INFO]: Carrot Growth Modifier: 100%
[01:19:14] [Server thread/INFO]: Potato Growth Modifier: 100%
[01:19:14] [Server thread/INFO]: Wheat Growth Modifier: 100%
[01:19:14] [Server thread/INFO]: NetherWart Growth Modifier: 100%
[01:19:14] [Server thread/INFO]: Vine Growth Modifier: 100%
[01:19:14] [Server thread/INFO]: Cocoa Growth Modifier: 100%
[01:19:14] [Server thread/INFO]: Bamboo Growth Modifier: 100%
[01:19:14] [Server thread/INFO]: SweetBerry Growth Modifier: 100%
[01:19:14] [Server thread/INFO]: Kelp Growth Modifier: 100%
[01:19:14] [Server thread/INFO]: TwistingVines Growth Modifier: 100%
[01:19:14] [Server thread/INFO]: WeepingVines Growth Modifier: 100%
[01:19:14] [Server thread/INFO]: CaveVines Growth Modifier: 100%
[01:19:14] [Server thread/INFO]: Entity Activation Range: An 32 / Mo 32 / Ra 48 / Mi 16 / Tiv true / Isa false
[01:19:14] [Server thread/INFO]: Entity Tracking Range: Pl 48 / An 48 / Mo 48 / Mi 32 / Di 128 / Other 64
[01:19:14] [Server thread/INFO]: Hopper Transfer: 8 Hopper Check: 1 Hopper Amount: 1 Hopper Can Load Chunks: false
[01:19:14] [Server thread/INFO]: Custom Map Seeds:  Village: 10387312 Desert: 14357617 Igloo: 14357618 Jungle: 14357619 Swamp: 14357620 Monument: 10387313 Ocean: 14357621 Shipwreck: 165745295 End City: 10387313 Slime: 987234911 Nether: 30084232 Mansion: 10387319 Fossil: 14357921 Portal: 34222645
[01:19:14] [Server thread/INFO]: Max TNT Explosions: 100
[01:19:14] [Server thread/INFO]: Tile Max Tick Time: 50ms Entity max Tick Time: 50ms
[01:19:14] [Server thread/INFO]: Item Despawn Rate: 6000
[01:19:14] [Server thread/INFO]: Item Merge Radius: 2.5
[01:19:14] [Server thread/INFO]: View Distance: 10
[01:19:14] [Server thread/INFO]: Simulation Distance: 10
[01:19:14] [Server thread/INFO]: Allow Zombie Pigmen to spawn from portal blocks: true
[01:19:14] [Server thread/INFO]: Arrow Despawn Rate: 1200 Trident Respawn Rate:1200
[01:19:14] [Server thread/INFO]: Nerfing mobs spawned from spawners: false
[01:19:14] [Server thread/INFO]: Zombie Aggressive Towards Villager: true
[01:19:14] [Server thread/INFO]: Preparing start region for dimension minecraft:overworld
[01:19:15] [Worker-Main-23/INFO]: Preparing spawn area: 0%
[01:19:15] [Worker-Main-13/INFO]: Preparing spawn area: 0%
[01:19:15] [Worker-Main-22/INFO]: Preparing spawn area: 0%
[01:19:15] [Worker-Main-3/INFO]: Preparing spawn area: 0%
[01:19:16] [Worker-Main-14/INFO]: Preparing spawn area: 83%
[01:19:16] [Server thread/INFO]: Time elapsed: 2153 ms
[01:19:16] [Server thread/INFO]: Preparing start region for dimension minecraft:the_nether
[01:19:17] [Worker-Main-10/INFO]: Preparing spawn area: 0%
[01:19:17] [Worker-Main-5/INFO]: Preparing spawn area: 0%
[01:19:17] [Worker-Main-8/INFO]: Preparing spawn area: 0%
[01:19:18] [Server thread/INFO]: Time elapsed: 1374 ms
[01:19:18] [Server thread/INFO]: Preparing start region for dimension minecraft:the_end
[01:19:19] [Worker-Main-6/INFO]: Preparing spawn area: 0%
[01:19:19] [Worker-Main-6/INFO]: Preparing spawn area: 0%
[01:19:19] [Worker-Main-18/INFO]: Preparing spawn area: 0%
[01:19:19] [Worker-Main-1/INFO]: Preparing spawn area: 94%
[01:19:19] [Server thread/INFO]: Time elapsed: 1511 ms
[01:19:19] [Server thread/INFO]: [mcMMO] Enabling mcMMO v2.2.023
[01:19:19] [Server thread/INFO]: [mcMMO] Loaded 220 Alchemy potions, skipped 0.
[01:19:20] [Server thread/INFO]: Server permissions file permissions.yml is empty, ignoring it
[01:19:20] [Server thread/INFO]: Done (6.957s)! For help, type "help"
[01:19:26] [User Authenticator #1/INFO]: UUID of player TFSID is be2f5bbe-ecd7-343e-90ff-003cd1ad8f3c
[01:19:26] [Server thread/INFO]: TFSID joined the game
[01:19:26] [Server thread/INFO]: TFSID[/127.0.0.1:49677] logged in with entity id 213 at ([world]-39.5, 64.0, 24.5)
[01:21:25] [Server thread/INFO]: TFSID has made the advancement [Sweet Dreams]
[01:22:03] [Server thread/INFO]: TFSID lost connection: Disconnected
[01:22:03] [Server thread/INFO]: TFSID left the game
[01:32:36] [Server thread/INFO]: Stopping the server
[01:32:36] [Server thread/INFO]: Stopping server
[01:32:36] [Server thread/INFO]: [mcMMO] Disabling mcMMO v2.2.023
[01:32:36] [Server thread/INFO]: [mcMMO] Server shutdown has been executed, saving and cleaning up data...
[01:32:36] [Server thread/INFO]: [mcMMO] Saving mcMMOPlayers... (0)
[01:32:36] [Server thread/INFO]: [mcMMO] Finished save operation for 0 players!
[01:32:36] [Server thread/INFO]: Saving players
[01:32:37] [Server thread/INFO]: Saving worlds
[01:32:37] [Server thread/INFO]: Saving chunks for level 'ServerLevel[world]'/minecraft:overworld
[01:32:41] [Server thread/INFO]: Saving chunks for level 'ServerLevel[world_nether]'/minecraft:the_nether
[01:32:45] [Server thread/INFO]: Saving chunks for level 'ServerLevel[world_the_end]'/minecraft:the_end
[01:32:45] [Server thread/INFO]: ThreadedAnvilChunkStorage (world): All chunks are saved
[01:32:45] [Server thread/INFO]: ThreadedAnvilChunkStorage (DIM-1): All chunks are saved
[01:32:45] [Server thread/INFO]: ThreadedAnvilChunkStorage (DIM1): All chunks are saved
[01:32:45] [Server thread/INFO]: ThreadedAnvilChunkStorage: All dimensions are saved
